[2020-02-14 15:00:51.123] [exthost] [info] extension host started
[2020-02-14 15:00:51.150] [exthost] [info] ExtensionService#_doActivateExtension vscode.extension-editing {"startup":false,"extensionId":{"value":"vscode.extension-editing","_lower":"vscode.extension-editing"},"activationEvent":"onLanguage:markdown"}
[2020-02-14 15:00:51.150] [exthost] [info] ExtensionService#loadCommonJSModule file:///d:/小工具/VSCode-win32-x64-1.41.1/resources/app/extensions/extension-editing/dist/extension
[2020-02-14 15:00:51.157] [exthost] [info] ExtensionService#_doActivateExtension vscode.markdown-language-features {"startup":false,"extensionId":{"value":"vscode.markdown-language-features","_lower":"vscode.markdown-language-features"},"activationEvent":"onLanguage:markdown"}
[2020-02-14 15:00:51.157] [exthost] [info] ExtensionService#loadCommonJSModule file:///d:/小工具/VSCode-win32-x64-1.41.1/resources/app/extensions/markdown-language-features/dist/extension
[2020-02-14 15:00:51.173] [exthost] [info] ExtensionService#_doActivateExtension shd101wyy.markdown-preview-enhanced {"startup":false,"extensionId":{"value":"shd101wyy.markdown-preview-enhanced","_lower":"shd101wyy.markdown-preview-enhanced"},"activationEvent":"onLanguage:markdown"}
[2020-02-14 15:00:51.173] [exthost] [info] ExtensionService#loadCommonJSModule file:///d:/小工具/VSCode-win32-x64-1.41.1/data/extensions/shd101wyy.markdown-preview-enhanced-0.5.2/out/src/extension
[2020-02-14 15:00:52.069] [exthost] [info] ExtensionService#_doActivateExtension yzhang.markdown-all-in-one {"startup":false,"extensionId":{"value":"yzhang.markdown-all-in-one","_lower":"yzhang.markdown-all-in-one"},"activationEvent":"onLanguage:markdown"}
[2020-02-14 15:00:52.069] [exthost] [info] ExtensionService#loadCommonJSModule file:///d:/小工具/VSCode-win32-x64-1.41.1/data/extensions/yzhang.markdown-all-in-one-2.7.0/dist/extension
[2020-02-14 15:00:52.081] [exthost] [info] ExtensionService#_doActivateExtension vscode.debug-auto-launch {"startup":true,"extensionId":{"value":"vscode.debug-auto-launch","_lower":"vscode.debug-auto-launch"},"activationEvent":"*"}
[2020-02-14 15:00:52.081] [exthost] [info] ExtensionService#loadCommonJSModule file:///d:/小工具/VSCode-win32-x64-1.41.1/resources/app/extensions/debug-auto-launch/dist/extension
[2020-02-14 15:00:52.084] [exthost] [info] ExtensionService#_doActivateExtension vscode.emmet {"startup":true,"extensionId":{"value":"vscode.emmet","_lower":"vscode.emmet"},"activationEvent":"*"}
[2020-02-14 15:00:52.084] [exthost] [info] ExtensionService#loadCommonJSModule file:///d:/小工具/VSCode-win32-x64-1.41.1/resources/app/extensions/emmet/dist/extension
[2020-02-14 15:00:52.092] [exthost] [info] ExtensionService#_doActivateExtension vscode.git {"startup":true,"extensionId":{"value":"vscode.git","_lower":"vscode.git"},"activationEvent":"*"}
[2020-02-14 15:00:52.092] [exthost] [info] ExtensionService#loadCommonJSModule file:///d:/小工具/VSCode-win32-x64-1.41.1/resources/app/extensions/git/dist/main
[2020-02-14 15:00:52.105] [exthost] [info] ExtensionService#_doActivateExtension vscode.merge-conflict {"startup":true,"extensionId":{"value":"vscode.merge-conflict","_lower":"vscode.merge-conflict"},"activationEvent":"*"}
[2020-02-14 15:00:52.105] [exthost] [info] ExtensionService#loadCommonJSModule file:///d:/小工具/VSCode-win32-x64-1.41.1/resources/app/extensions/merge-conflict/dist/extension
[2020-02-14 15:00:52.108] [exthost] [info] ExtensionService#_doActivateExtension vscode.search-result {"startup":true,"extensionId":{"value":"vscode.search-result","_lower":"vscode.search-result"},"activationEvent":"*"}
[2020-02-14 15:00:52.108] [exthost] [info] ExtensionService#loadCommonJSModule file:///d:/小工具/VSCode-win32-x64-1.41.1/resources/app/extensions/search-result/dist/extension.js
[2020-02-14 15:00:52.120] [exthost] [info] eager extensions activated
[2020-02-14 17:53:19.092] [exthost] [info] ExtensionService#_doActivateExtension vscode.configuration-editing {"startup":false,"extensionId":{"value":"vscode.configuration-editing","_lower":"vscode.configuration-editing"},"activationEvent":"onLanguage:jsonc"}
[2020-02-14 17:53:19.093] [exthost] [info] ExtensionService#loadCommonJSModule file:///d:/小工具/VSCode-win32-x64-1.41.1/resources/app/extensions/configuration-editing/dist/extension
[2020-02-14 17:53:19.102] [exthost] [info] ExtensionService#_doActivateExtension vscode.json-language-features {"startup":false,"extensionId":{"value":"vscode.json-language-features","_lower":"vscode.json-language-features"},"activationEvent":"onLanguage:jsonc"}
[2020-02-14 17:53:19.102] [exthost] [info] ExtensionService#loadCommonJSModule file:///d:/小工具/VSCode-win32-x64-1.41.1/resources/app/extensions/json-language-features/client/dist/jsonMain
[2020-02-14 17:53:19.114] [exthost] [info] ExtensionService#_doActivateExtension vscode.typescript-language-features {"startup":false,"extensionId":{"value":"vscode.typescript-language-features","_lower":"vscode.typescript-language-features"},"activationEvent":"onLanguage:jsonc"}
[2020-02-14 17:53:19.114] [exthost] [info] ExtensionService#loadCommonJSModule file:///d:/小工具/VSCode-win32-x64-1.41.1/resources/app/extensions/typescript-language-features/dist/extension
