[2020-02-14 20:56:35.739] [exthost] [info] extension host started
[2020-02-14 20:56:35.776] [exthost] [info] ExtensionService#_doActivateExtension vscode.extension-editing {"startup":false,"extensionId":{"value":"vscode.extension-editing","_lower":"vscode.extension-editing"},"activationEvent":"onLanguage:markdown"}
[2020-02-14 20:56:35.777] [exthost] [info] ExtensionService#loadCommonJSModule file:///d:/小工具/VSCode/resources/app/extensions/extension-editing/dist/extension
[2020-02-14 20:56:35.788] [exthost] [info] ExtensionService#_doActivateExtension vscode.markdown-language-features {"startup":false,"extensionId":{"value":"vscode.markdown-language-features","_lower":"vscode.markdown-language-features"},"activationEvent":"onLanguage:markdown"}
[2020-02-14 20:56:35.788] [exthost] [info] ExtensionService#loadCommonJSModule file:///d:/小工具/VSCode/resources/app/extensions/markdown-language-features/dist/extension
[2020-02-14 20:56:35.815] [exthost] [info] ExtensionService#_doActivateExtension shd101wyy.markdown-preview-enhanced {"startup":false,"extensionId":{"value":"shd101wyy.markdown-preview-enhanced","_lower":"shd101wyy.markdown-preview-enhanced"},"activationEvent":"onLanguage:markdown"}
[2020-02-14 20:56:35.815] [exthost] [info] ExtensionService#loadCommonJSModule file:///d:/小工具/VSCode/data/extensions/shd101wyy.markdown-preview-enhanced-0.5.2/out/src/extension
[2020-02-14 20:56:36.403] [exthost] [info] ExtensionService#_doActivateExtension yzhang.markdown-all-in-one {"startup":false,"extensionId":{"value":"yzhang.markdown-all-in-one","_lower":"yzhang.markdown-all-in-one"},"activationEvent":"onLanguage:markdown"}
[2020-02-14 20:56:36.403] [exthost] [info] ExtensionService#loadCommonJSModule file:///d:/小工具/VSCode/data/extensions/yzhang.markdown-all-in-one-2.7.0/dist/extension
[2020-02-14 20:56:36.415] [exthost] [info] ExtensionService#_doActivateExtension vscode.debug-auto-launch {"startup":true,"extensionId":{"value":"vscode.debug-auto-launch","_lower":"vscode.debug-auto-launch"},"activationEvent":"*"}
[2020-02-14 20:56:36.415] [exthost] [info] ExtensionService#loadCommonJSModule file:///d:/小工具/VSCode/resources/app/extensions/debug-auto-launch/dist/extension
[2020-02-14 20:56:36.418] [exthost] [info] ExtensionService#_doActivateExtension vscode.emmet {"startup":true,"extensionId":{"value":"vscode.emmet","_lower":"vscode.emmet"},"activationEvent":"*"}
[2020-02-14 20:56:36.418] [exthost] [info] ExtensionService#loadCommonJSModule file:///d:/小工具/VSCode/resources/app/extensions/emmet/dist/extension
[2020-02-14 20:56:36.425] [exthost] [info] ExtensionService#_doActivateExtension vscode.git {"startup":true,"extensionId":{"value":"vscode.git","_lower":"vscode.git"},"activationEvent":"*"}
[2020-02-14 20:56:36.425] [exthost] [info] ExtensionService#loadCommonJSModule file:///d:/小工具/VSCode/resources/app/extensions/git/dist/main
[2020-02-14 20:56:36.436] [exthost] [info] ExtensionService#_doActivateExtension vscode.merge-conflict {"startup":true,"extensionId":{"value":"vscode.merge-conflict","_lower":"vscode.merge-conflict"},"activationEvent":"*"}
[2020-02-14 20:56:36.437] [exthost] [info] ExtensionService#loadCommonJSModule file:///d:/小工具/VSCode/resources/app/extensions/merge-conflict/dist/extension
[2020-02-14 20:56:36.439] [exthost] [info] ExtensionService#_doActivateExtension vscode.search-result {"startup":true,"extensionId":{"value":"vscode.search-result","_lower":"vscode.search-result"},"activationEvent":"*"}
[2020-02-14 20:56:36.439] [exthost] [info] ExtensionService#loadCommonJSModule file:///d:/小工具/VSCode/resources/app/extensions/search-result/dist/extension.js
[2020-02-14 20:56:36.440] [exthost] [info] ExtensionService#_doActivateExtension vscode.vscode-account {"startup":true,"extensionId":{"value":"vscode.vscode-account","_lower":"vscode.vscode-account"},"activationEvent":"*"}
[2020-02-14 20:56:36.440] [exthost] [info] ExtensionService#loadCommonJSModule file:///d:/小工具/VSCode/resources/app/extensions/vscode-account/dist/extension.js
[2020-02-14 20:56:36.453] [exthost] [info] eager extensions activated
