[2020-02-14 20:33:30.985] [renderer1] [error] Cannot read property 'document' of undefined: TypeError: Cannot read property 'document' of undefined
	at d:\小工具\VSCode\data\extensions\yzhang.markdown-all-in-one-2.7.0\dist\extension.js:1:255632
	at d:\小工具\VSCode\data\extensions\yzhang.markdown-all-in-one-2.7.0\dist\extension.js:1:255892
	at Generator.next (<anonymous>)
	at d:\小工具\VSCode\data\extensions\yzhang.markdown-all-in-one-2.7.0\dist\extension.js:1:254374
	at new Promise (<anonymous>)
	at n (d:\小工具\VSCode\data\extensions\yzhang.markdown-all-in-one-2.7.0\dist\extension.js:1:254148)
	at d (d:\小工具\VSCode\data\extensions\yzhang.markdown-all-in-one-2.7.0\dist\extension.js:1:255230)
	at d:\小工具\VSCode\data\extensions\yzhang.markdown-all-in-one-2.7.0\dist\extension.js:1:257483
	at Generator.next (<anonymous>)
	at d:\小工具\VSCode\data\extensions\yzhang.markdown-all-in-one-2.7.0\dist\extension.js:1:254374
	at new Promise (<anonymous>)
	at n (d:\小工具\VSCode\data\extensions\yzhang.markdown-all-in-one-2.7.0\dist\extension.js:1:254148)
	at u (d:\小工具\VSCode\data\extensions\yzhang.markdown-all-in-one-2.7.0\dist\extension.js:1:257426)
	at S.provideCodeLenses (d:\小工具\VSCode\data\extensions\yzhang.markdown-all-in-one-2.7.0\dist\extension.js:1:259401)
	at d:\小工具\VSCode\resources\app\out\vs\workbench\services\extensions\node\extensionHostProcess.js:577:180
	at d:\小工具\VSCode\resources\app\out\vs\workbench\services\extensions\node\extensionHostProcess.js:54:36
	at new Promise (<anonymous>)
	at Object.t.asPromise (d:\小工具\VSCode\resources\app\out\vs\workbench\services\extensions\node\extensionHostProcess.js:54:8)
	at v.provideCodeLenses (d:\小工具\VSCode\resources\app\out\vs\workbench\services\extensions\node\extensionHostProcess.js:577:151)
	at d:\小工具\VSCode\resources\app\out\vs\workbench\services\extensions\node\extensionHostProcess.js:599:467
	at j._withAdapter (d:\小工具\VSCode\resources\app\out\vs\workbench\services\extensions\node\extensionHostProcess.js:598:126)
	at j.$provideCodeLenses (d:\小工具\VSCode\resources\app\out\vs\workbench\services\extensions\node\extensionHostProcess.js:599:445)
	at p._doInvokeHandler (d:\小工具\VSCode\resources\app\out\vs\workbench\services\extensions\node\extensionHostProcess.js:676:202)
	at p._invokeHandler (d:\小工具\VSCode\resources\app\out\vs\workbench\services\extensions\node\extensionHostProcess.js:675:901)
	at p._receiveRequest (d:\小工具\VSCode\resources\app\out\vs\workbench\services\extensions\node\extensionHostProcess.js:674:494)
	at p._receiveOneMessage (d:\小工具\VSCode\resources\app\out\vs\workbench\services\extensions\node\extensionHostProcess.js:673:373)
	at d:\小工具\VSCode\resources\app\out\vs\workbench\services\extensions\node\extensionHostProcess.js:671:588
	at l.fire (d:\小工具\VSCode\resources\app\out\vs\workbench\services\extensions\node\extensionHostProcess.js:48:541)
	at _.fire (d:\小工具\VSCode\resources\app\out\vs\workbench\services\extensions\node\extensionHostProcess.js:190:934)
	at d:\小工具\VSCode\resources\app\out\vs\workbench\services\extensions\node\extensionHostProcess.js:838:649
	at l.fire (d:\小工具\VSCode\resources\app\out\vs\workbench\services\extensions\node\extensionHostProcess.js:48:541)
	at _.fire (d:\小工具\VSCode\resources\app\out\vs\workbench\services\extensions\node\extensionHostProcess.js:190:934)
	at t.PersistentProtocol._receiveMessage (d:\小工具\VSCode\resources\app\out\vs\workbench\services\extensions\node\extensionHostProcess.js:195:277)
	at d:\小工具\VSCode\resources\app\out\vs\workbench\services\extensions\node\extensionHostProcess.js:192:459
	at l.fire (d:\小工具\VSCode\resources\app\out\vs\workbench\services\extensions\node\extensionHostProcess.js:48:541)
	at p.acceptChunk (d:\小工具\VSCode\resources\app\out\vs\workbench\services\extensions\node\extensionHostProcess.js:188:445)
	at d:\小工具\VSCode\resources\app\out\vs\workbench\services\extensions\node\extensionHostProcess.js:187:796
	at Socket.t (d:\小工具\VSCode\resources\app\out\vs\workbench\services\extensions\node\extensionHostProcess.js:196:732)
	at Socket.emit (events.js:200:13)
	at addChunk (_stream_readable.js:294:12)
	at readableAddChunk (_stream_readable.js:275:11)
	at Socket.Readable.push (_stream_readable.js:210:10)
	at Pipe.onStreamRead (internal/stream_base_commons.js:166:17)
