[2020-02-14 20:33:29.623] [exthost] [info] extension host started
[2020-02-14 20:33:29.655] [exthost] [info] ExtensionService#_doActivateExtension vscode.extension-editing {"startup":false,"extensionId":{"value":"vscode.extension-editing","_lower":"vscode.extension-editing"},"activationEvent":"onLanguage:markdown"}
[2020-02-14 20:33:29.655] [exthost] [info] ExtensionService#loadCommonJSModule file:///d:/小工具/VSCode/resources/app/extensions/extension-editing/dist/extension
[2020-02-14 20:33:29.666] [exthost] [info] ExtensionService#_doActivateExtension vscode.markdown-language-features {"startup":false,"extensionId":{"value":"vscode.markdown-language-features","_lower":"vscode.markdown-language-features"},"activationEvent":"onLanguage:markdown"}
[2020-02-14 20:33:29.666] [exthost] [info] ExtensionService#loadCommonJSModule file:///d:/小工具/VSCode/resources/app/extensions/markdown-language-features/dist/extension
[2020-02-14 20:33:29.688] [exthost] [info] ExtensionService#_doActivateExtension shd101wyy.markdown-preview-enhanced {"startup":false,"extensionId":{"value":"shd101wyy.markdown-preview-enhanced","_lower":"shd101wyy.markdown-preview-enhanced"},"activationEvent":"onLanguage:markdown"}
[2020-02-14 20:33:29.688] [exthost] [info] ExtensionService#loadCommonJSModule file:///d:/小工具/VSCode/data/extensions/shd101wyy.markdown-preview-enhanced-0.5.2/out/src/extension
[2020-02-14 20:33:30.570] [exthost] [info] ExtensionService#_doActivateExtension yzhang.markdown-all-in-one {"startup":false,"extensionId":{"value":"yzhang.markdown-all-in-one","_lower":"yzhang.markdown-all-in-one"},"activationEvent":"onLanguage:markdown"}
[2020-02-14 20:33:30.570] [exthost] [info] ExtensionService#loadCommonJSModule file:///d:/小工具/VSCode/data/extensions/yzhang.markdown-all-in-one-2.7.0/dist/extension
[2020-02-14 20:33:30.587] [exthost] [info] ExtensionService#_doActivateExtension vscode.debug-auto-launch {"startup":true,"extensionId":{"value":"vscode.debug-auto-launch","_lower":"vscode.debug-auto-launch"},"activationEvent":"*"}
[2020-02-14 20:33:30.587] [exthost] [info] ExtensionService#loadCommonJSModule file:///d:/小工具/VSCode/resources/app/extensions/debug-auto-launch/dist/extension
[2020-02-14 20:33:30.590] [exthost] [info] ExtensionService#_doActivateExtension vscode.emmet {"startup":true,"extensionId":{"value":"vscode.emmet","_lower":"vscode.emmet"},"activationEvent":"*"}
[2020-02-14 20:33:30.590] [exthost] [info] ExtensionService#loadCommonJSModule file:///d:/小工具/VSCode/resources/app/extensions/emmet/dist/extension
[2020-02-14 20:33:30.606] [exthost] [info] ExtensionService#_doActivateExtension vscode.git {"startup":true,"extensionId":{"value":"vscode.git","_lower":"vscode.git"},"activationEvent":"*"}
[2020-02-14 20:33:30.606] [exthost] [info] ExtensionService#loadCommonJSModule file:///d:/小工具/VSCode/resources/app/extensions/git/dist/main
[2020-02-14 20:33:30.636] [exthost] [info] ExtensionService#_doActivateExtension vscode.merge-conflict {"startup":true,"extensionId":{"value":"vscode.merge-conflict","_lower":"vscode.merge-conflict"},"activationEvent":"*"}
[2020-02-14 20:33:30.636] [exthost] [info] ExtensionService#loadCommonJSModule file:///d:/小工具/VSCode/resources/app/extensions/merge-conflict/dist/extension
[2020-02-14 20:33:30.640] [exthost] [info] ExtensionService#_doActivateExtension vscode.search-result {"startup":true,"extensionId":{"value":"vscode.search-result","_lower":"vscode.search-result"},"activationEvent":"*"}
[2020-02-14 20:33:30.640] [exthost] [info] ExtensionService#loadCommonJSModule file:///d:/小工具/VSCode/resources/app/extensions/search-result/dist/extension.js
[2020-02-14 20:33:30.641] [exthost] [info] ExtensionService#_doActivateExtension vscode.vscode-account {"startup":true,"extensionId":{"value":"vscode.vscode-account","_lower":"vscode.vscode-account"},"activationEvent":"*"}
[2020-02-14 20:33:30.641] [exthost] [info] ExtensionService#loadCommonJSModule file:///d:/小工具/VSCode/resources/app/extensions/vscode-account/dist/extension.js
[2020-02-14 20:33:30.678] [exthost] [info] eager extensions activated
[2020-02-14 20:33:30.981] [exthost] [error] [yzhang.markdown-all-in-one] provider FAILED
[2020-02-14 20:33:30.984] [exthost] [error] TypeError: Cannot read property 'document' of undefined
	at d:\小工具\VSCode\data\extensions\yzhang.markdown-all-in-one-2.7.0\dist\extension.js:1:255632
	at d:\小工具\VSCode\data\extensions\yzhang.markdown-all-in-one-2.7.0\dist\extension.js:1:255892
	at Generator.next (<anonymous>)
	at d:\小工具\VSCode\data\extensions\yzhang.markdown-all-in-one-2.7.0\dist\extension.js:1:254374
	at new Promise (<anonymous>)
	at n (d:\小工具\VSCode\data\extensions\yzhang.markdown-all-in-one-2.7.0\dist\extension.js:1:254148)
	at d (d:\小工具\VSCode\data\extensions\yzhang.markdown-all-in-one-2.7.0\dist\extension.js:1:255230)
	at d:\小工具\VSCode\data\extensions\yzhang.markdown-all-in-one-2.7.0\dist\extension.js:1:257483
	at Generator.next (<anonymous>)
	at d:\小工具\VSCode\data\extensions\yzhang.markdown-all-in-one-2.7.0\dist\extension.js:1:254374
	at new Promise (<anonymous>)
	at n (d:\小工具\VSCode\data\extensions\yzhang.markdown-all-in-one-2.7.0\dist\extension.js:1:254148)
	at u (d:\小工具\VSCode\data\extensions\yzhang.markdown-all-in-one-2.7.0\dist\extension.js:1:257426)
	at S.provideCodeLenses (d:\小工具\VSCode\data\extensions\yzhang.markdown-all-in-one-2.7.0\dist\extension.js:1:259401)
	at d:\小工具\VSCode\resources\app\out\vs\workbench\services\extensions\node\extensionHostProcess.js:577:180
	at d:\小工具\VSCode\resources\app\out\vs\workbench\services\extensions\node\extensionHostProcess.js:54:36
	at new Promise (<anonymous>)
	at Object.t.asPromise (d:\小工具\VSCode\resources\app\out\vs\workbench\services\extensions\node\extensionHostProcess.js:54:8)
	at v.provideCodeLenses (d:\小工具\VSCode\resources\app\out\vs\workbench\services\extensions\node\extensionHostProcess.js:577:151)
	at d:\小工具\VSCode\resources\app\out\vs\workbench\services\extensions\node\extensionHostProcess.js:599:467
	at j._withAdapter (d:\小工具\VSCode\resources\app\out\vs\workbench\services\extensions\node\extensionHostProcess.js:598:126)
	at j.$provideCodeLenses (d:\小工具\VSCode\resources\app\out\vs\workbench\services\extensions\node\extensionHostProcess.js:599:445)
	at p._doInvokeHandler (d:\小工具\VSCode\resources\app\out\vs\workbench\services\extensions\node\extensionHostProcess.js:676:202)
	at p._invokeHandler (d:\小工具\VSCode\resources\app\out\vs\workbench\services\extensions\node\extensionHostProcess.js:675:901)
	at p._receiveRequest (d:\小工具\VSCode\resources\app\out\vs\workbench\services\extensions\node\extensionHostProcess.js:674:494)
	at p._receiveOneMessage (d:\小工具\VSCode\resources\app\out\vs\workbench\services\extensions\node\extensionHostProcess.js:673:373)
	at d:\小工具\VSCode\resources\app\out\vs\workbench\services\extensions\node\extensionHostProcess.js:671:588
	at l.fire (d:\小工具\VSCode\resources\app\out\vs\workbench\services\extensions\node\extensionHostProcess.js:48:541)
	at _.fire (d:\小工具\VSCode\resources\app\out\vs\workbench\services\extensions\node\extensionHostProcess.js:190:934)
	at d:\小工具\VSCode\resources\app\out\vs\workbench\services\extensions\node\extensionHostProcess.js:838:649
	at l.fire (d:\小工具\VSCode\resources\app\out\vs\workbench\services\extensions\node\extensionHostProcess.js:48:541)
	at _.fire (d:\小工具\VSCode\resources\app\out\vs\workbench\services\extensions\node\extensionHostProcess.js:190:934)
	at t.PersistentProtocol._receiveMessage (d:\小工具\VSCode\resources\app\out\vs\workbench\services\extensions\node\extensionHostProcess.js:195:277)
	at d:\小工具\VSCode\resources\app\out\vs\workbench\services\extensions\node\extensionHostProcess.js:192:459
	at l.fire (d:\小工具\VSCode\resources\app\out\vs\workbench\services\extensions\node\extensionHostProcess.js:48:541)
	at p.acceptChunk (d:\小工具\VSCode\resources\app\out\vs\workbench\services\extensions\node\extensionHostProcess.js:188:445)
	at d:\小工具\VSCode\resources\app\out\vs\workbench\services\extensions\node\extensionHostProcess.js:187:796
	at Socket.t (d:\小工具\VSCode\resources\app\out\vs\workbench\services\extensions\node\extensionHostProcess.js:196:732)
	at Socket.emit (events.js:200:13)
	at addChunk (_stream_readable.js:294:12)
	at readableAddChunk (_stream_readable.js:275:11)
	at Socket.Readable.push (_stream_readable.js:210:10)
	at Pipe.onStreamRead (internal/stream_base_commons.js:166:17)
[2020-02-14 20:33:31.816] [exthost] [info] ExtensionService#_doActivateExtension vscode.configuration-editing {"startup":false,"extensionId":{"value":"vscode.configuration-editing","_lower":"vscode.configuration-editing"},"activationEvent":"onLanguage:json"}
[2020-02-14 20:33:31.816] [exthost] [info] ExtensionService#loadCommonJSModule file:///d:/小工具/VSCode/resources/app/extensions/configuration-editing/dist/extension
[2020-02-14 20:33:31.820] [exthost] [info] ExtensionService#_doActivateExtension vscode.json-language-features {"startup":false,"extensionId":{"value":"vscode.json-language-features","_lower":"vscode.json-language-features"},"activationEvent":"onLanguage:json"}
[2020-02-14 20:33:31.820] [exthost] [info] ExtensionService#loadCommonJSModule file:///d:/小工具/VSCode/resources/app/extensions/json-language-features/client/dist/jsonMain
[2020-02-14 20:33:31.842] [exthost] [info] ExtensionService#_doActivateExtension vscode.npm {"startup":false,"extensionId":{"value":"vscode.npm","_lower":"vscode.npm"},"activationEvent":"onLanguage:json"}
[2020-02-14 20:33:31.842] [exthost] [info] ExtensionService#loadCommonJSModule file:///d:/小工具/VSCode/resources/app/extensions/npm/dist/main
[2020-02-14 20:33:31.850] [exthost] [info] ExtensionService#_doActivateExtension vscode.typescript-language-features {"startup":false,"extensionId":{"value":"vscode.typescript-language-features","_lower":"vscode.typescript-language-features"},"activationEvent":"onLanguage:typescript"}
[2020-02-14 20:33:31.850] [exthost] [info] ExtensionService#loadCommonJSModule file:///d:/小工具/VSCode/resources/app/extensions/typescript-language-features/dist/extension
